> Task :compileJava UP-TO-DATE
> Task :processResources UP-TO-DATE
> Task :classes UP-TO-DATE
> Task :compileTestJava UP-TO-DATE
> Task :processTestResources NO-SOURCE
> Task :testClasses UP-TO-DATE

> Task :test

PokedexController > testPokedexBase() FAILED
    org.junit.jupiter.api.extension.ParameterResolutionException at ParameterResolutionUtils.java:120

> Task :test FAILED
4 actionable tasks: 1 executed, 3 up-to-date
